2023-08-09 21:22:36,292 [Worker-6: Loading available Gradle versions] INFO  o.e.b.c.i.u.g.PublishedGradleVersions - Gradle version information cache is up-to-date. Trying to read.
2023-08-11 21:06:04,746 [Worker-4: Loading available Gradle versions] INFO  o.e.b.c.i.u.g.PublishedGradleVersions - Gradle version information cache is out-of-date. Trying to update.
2023-08-13 21:07:24,559 [Worker-3: Loading available Gradle versions] INFO  o.e.b.c.i.u.g.PublishedGradleVersions - Gradle version information cache is out-of-date. Trying to update.
2023-08-13 21:19:30,615 [Worker-19: Creating maven-archetype-quickstart] INFO  o.e.m.c.i.p.ProjectConfigurationManager - Collecting project info '/pom.xml' D:\OnlineTraning\AdvanceJava9.00PMIST\HibernateMaven\pom.xml
2023-08-13 21:19:31,604 [Worker-19: Creating maven-archetype-quickstart] INFO  o.e.m.c.i.l.LifecycleMappingFactory - Using org.eclipse.m2e.jdt.JarLifecycleMapping lifecycle mapping for MavenProject: com.xyz:HibernateMaven:0.0.1-SNAPSHOT @ D:\OnlineTraning\AdvanceJava9.00PMIST\HibernateMaven\pom.xml.
2023-08-13 21:19:32,304 [Worker-19: Creating maven-archetype-quickstart] INFO  o.e.m.j.i.AbstractJavaProjectConfigurator - Adding source folder /HibernateMaven/src/main/java
2023-08-13 21:19:32,309 [Worker-19: Creating maven-archetype-quickstart] INFO  o.e.m.j.i.AbstractJavaProjectConfigurator - Adding source folder /HibernateMaven/src/test/java
2023-08-13 21:19:32,461 [Worker-19: Creating maven-archetype-quickstart] INFO  o.e.m.c.i.p.ProjectConfigurationManager - Imported and configured 1 project(s) in 1 sec
2023-08-13 21:19:33,552 [Worker-25: Building] INFO  o.e.m.c.i.embedder.EclipseLogger - Using 'UTF-8' encoding to copy filtered resources.
2023-08-13 21:19:33,552 [Worker-25: Building] INFO  o.e.m.c.i.embedder.EclipseLogger - skip non existing resourceDirectory D:\OnlineTraning\AdvanceJava9.00PMIST\HibernateMaven\src\main\resources
2023-08-13 21:19:33,554 [Worker-25: Building] INFO  o.e.m.c.i.embedder.EclipseLogger - Using 'UTF-8' encoding to copy filtered resources.
2023-08-13 21:19:33,556 [Worker-25: Building] INFO  o.e.m.c.i.embedder.EclipseLogger - skip non existing resourceDirectory D:\OnlineTraning\AdvanceJava9.00PMIST\HibernateMaven\src\test\resources
2023-08-13 21:23:19,453 [Worker-26: Building] INFO  o.e.m.c.i.l.LifecycleMappingFactory - Using org.eclipse.m2e.jdt.JarLifecycleMapping lifecycle mapping for MavenProject: com.xyz:HibernateMaven:0.0.1-SNAPSHOT @ D:\OnlineTraning\AdvanceJava9.00PMIST\HibernateMaven\pom.xml.
2023-08-13 21:23:19,727 [Worker-26: Building] INFO  o.e.m.c.i.embedder.EclipseLogger - Using 'UTF-8' encoding to copy filtered resources.
2023-08-13 21:23:19,728 [Worker-26: Building] INFO  o.e.m.c.i.embedder.EclipseLogger - skip non existing resourceDirectory D:\OnlineTraning\AdvanceJava9.00PMIST\HibernateMaven\src\main\resources
2023-08-13 21:23:19,731 [Worker-26: Building] INFO  o.e.m.c.i.embedder.EclipseLogger - Using 'UTF-8' encoding to copy filtered resources.
2023-08-13 21:23:19,732 [Worker-26: Building] INFO  o.e.m.c.i.embedder.EclipseLogger - skip non existing resourceDirectory D:\OnlineTraning\AdvanceJava9.00PMIST\HibernateMaven\src\test\resources
2023-08-13 21:23:21,264 [Worker-26: Building] INFO  o.e.m.c.i.embedder.EclipseLogger - Using 'UTF-8' encoding to copy filtered resources.
2023-08-13 21:23:21,265 [Worker-26: Building] INFO  o.e.m.c.i.embedder.EclipseLogger - skip non existing resourceDirectory D:\OnlineTraning\AdvanceJava9.00PMIST\HibernateMaven\src\main\resources
2023-08-13 21:23:21,267 [Worker-26: Building] INFO  o.e.m.c.i.embedder.EclipseLogger - Using 'UTF-8' encoding to copy filtered resources.
2023-08-13 21:23:21,267 [Worker-26: Building] INFO  o.e.m.c.i.embedder.EclipseLogger - skip non existing resourceDirectory D:\OnlineTraning\AdvanceJava9.00PMIST\HibernateMaven\src\test\resources
2023-08-13 21:24:58,215 [Worker-31: Building] INFO  o.e.m.c.i.embedder.EclipseLogger - Using 'UTF-8' encoding to copy filtered resources.
2023-08-13 21:24:58,215 [Worker-31: Building] INFO  o.e.m.c.i.embedder.EclipseLogger - skip non existing resourceDirectory D:\OnlineTraning\AdvanceJava9.00PMIST\HibernateMaven\src\main\resources
2023-08-13 21:24:58,217 [Worker-31: Building] INFO  o.e.m.c.i.embedder.EclipseLogger - Using 'UTF-8' encoding to copy filtered resources.
2023-08-13 21:24:58,218 [Worker-31: Building] INFO  o.e.m.c.i.embedder.EclipseLogger - skip non existing resourceDirectory D:\OnlineTraning\AdvanceJava9.00PMIST\HibernateMaven\src\test\resources
2023-08-13 21:25:20,038 [Worker-19: Building] INFO  o.e.m.c.i.embedder.EclipseLogger - Using 'UTF-8' encoding to copy filtered resources.
2023-08-13 21:25:20,039 [Worker-19: Building] INFO  o.e.m.c.i.embedder.EclipseLogger - skip non existing resourceDirectory D:\OnlineTraning\AdvanceJava9.00PMIST\HibernateMaven\src\main\resources
2023-08-13 21:25:20,041 [Worker-19: Building] INFO  o.e.m.c.i.embedder.EclipseLogger - Using 'UTF-8' encoding to copy filtered resources.
2023-08-13 21:25:20,041 [Worker-19: Building] INFO  o.e.m.c.i.embedder.EclipseLogger - skip non existing resourceDirectory D:\OnlineTraning\AdvanceJava9.00PMIST\HibernateMaven\src\test\resources
2023-08-13 21:26:45,727 [Worker-31: Building] INFO  o.e.m.c.i.embedder.EclipseLogger - Using 'UTF-8' encoding to copy filtered resources.
2023-08-13 21:26:45,727 [Worker-31: Building] INFO  o.e.m.c.i.embedder.EclipseLogger - skip non existing resourceDirectory D:\OnlineTraning\AdvanceJava9.00PMIST\HibernateMaven\src\main\resources
2023-08-13 21:26:45,728 [Worker-31: Building] INFO  o.e.m.c.i.embedder.EclipseLogger - Using 'UTF-8' encoding to copy filtered resources.
2023-08-13 21:26:45,728 [Worker-31: Building] INFO  o.e.m.c.i.embedder.EclipseLogger - skip non existing resourceDirectory D:\OnlineTraning\AdvanceJava9.00PMIST\HibernateMaven\src\test\resources
2023-08-13 21:27:57,916 [Worker-33: Building] INFO  o.e.m.c.i.embedder.EclipseLogger - Using 'UTF-8' encoding to copy filtered resources.
2023-08-13 21:27:57,916 [Worker-33: Building] INFO  o.e.m.c.i.embedder.EclipseLogger - skip non existing resourceDirectory D:\OnlineTraning\AdvanceJava9.00PMIST\HibernateMaven\src\main\resources
2023-08-13 21:27:57,917 [Worker-33: Building] INFO  o.e.m.c.i.embedder.EclipseLogger - Using 'UTF-8' encoding to copy filtered resources.
2023-08-13 21:27:57,917 [Worker-33: Building] INFO  o.e.m.c.i.embedder.EclipseLogger - skip non existing resourceDirectory D:\OnlineTraning\AdvanceJava9.00PMIST\HibernateMaven\src\test\resources
2023-08-13 21:28:12,044 [Worker-26: Building] INFO  o.e.m.c.i.embedder.EclipseLogger - Using 'UTF-8' encoding to copy filtered resources.
2023-08-13 21:28:12,045 [Worker-26: Building] INFO  o.e.m.c.i.embedder.EclipseLogger - skip non existing resourceDirectory D:\OnlineTraning\AdvanceJava9.00PMIST\HibernateMaven\src\main\resources
2023-08-13 21:28:12,046 [Worker-26: Building] INFO  o.e.m.c.i.embedder.EclipseLogger - Using 'UTF-8' encoding to copy filtered resources.
2023-08-13 21:28:12,046 [Worker-26: Building] INFO  o.e.m.c.i.embedder.EclipseLogger - skip non existing resourceDirectory D:\OnlineTraning\AdvanceJava9.00PMIST\HibernateMaven\src\test\resources
2023-08-13 21:28:26,024 [Worker-32: Building] INFO  o.e.m.c.i.embedder.EclipseLogger - Using 'UTF-8' encoding to copy filtered resources.
2023-08-13 21:28:26,024 [Worker-32: Building] INFO  o.e.m.c.i.embedder.EclipseLogger - skip non existing resourceDirectory D:\OnlineTraning\AdvanceJava9.00PMIST\HibernateMaven\src\main\resources
2023-08-13 21:28:26,026 [Worker-32: Building] INFO  o.e.m.c.i.embedder.EclipseLogger - Using 'UTF-8' encoding to copy filtered resources.
2023-08-13 21:28:26,026 [Worker-32: Building] INFO  o.e.m.c.i.embedder.EclipseLogger - skip non existing resourceDirectory D:\OnlineTraning\AdvanceJava9.00PMIST\HibernateMaven\src\test\resources
2023-08-13 21:28:47,554 [Worker-29: Building] INFO  o.e.m.c.i.embedder.EclipseLogger - Using 'UTF-8' encoding to copy filtered resources.
2023-08-13 21:28:47,554 [Worker-29: Building] INFO  o.e.m.c.i.embedder.EclipseLogger - skip non existing resourceDirectory D:\OnlineTraning\AdvanceJava9.00PMIST\HibernateMaven\src\main\resources
2023-08-13 21:28:47,555 [Worker-29: Building] INFO  o.e.m.c.i.embedder.EclipseLogger - Using 'UTF-8' encoding to copy filtered resources.
2023-08-13 21:28:47,556 [Worker-29: Building] INFO  o.e.m.c.i.embedder.EclipseLogger - skip non existing resourceDirectory D:\OnlineTraning\AdvanceJava9.00PMIST\HibernateMaven\src\test\resources
2023-08-13 21:28:58,241 [Worker-26: Building] INFO  o.e.m.c.i.embedder.EclipseLogger - Using 'UTF-8' encoding to copy filtered resources.
2023-08-13 21:28:58,242 [Worker-26: Building] INFO  o.e.m.c.i.embedder.EclipseLogger - skip non existing resourceDirectory D:\OnlineTraning\AdvanceJava9.00PMIST\HibernateMaven\src\main\resources
2023-08-13 21:28:58,243 [Worker-26: Building] INFO  o.e.m.c.i.embedder.EclipseLogger - Using 'UTF-8' encoding to copy filtered resources.
2023-08-13 21:28:58,243 [Worker-26: Building] INFO  o.e.m.c.i.embedder.EclipseLogger - skip non existing resourceDirectory D:\OnlineTraning\AdvanceJava9.00PMIST\HibernateMaven\src\test\resources
2023-08-13 21:29:47,424 [Worker-32: Building] INFO  o.e.m.c.i.embedder.EclipseLogger - Using 'UTF-8' encoding to copy filtered resources.
2023-08-13 21:29:47,424 [Worker-32: Building] INFO  o.e.m.c.i.embedder.EclipseLogger - skip non existing resourceDirectory D:\OnlineTraning\AdvanceJava9.00PMIST\HibernateMaven\src\main\resources
2023-08-13 21:29:47,425 [Worker-32: Building] INFO  o.e.m.c.i.embedder.EclipseLogger - Using 'UTF-8' encoding to copy filtered resources.
2023-08-13 21:29:47,426 [Worker-32: Building] INFO  o.e.m.c.i.embedder.EclipseLogger - skip non existing resourceDirectory D:\OnlineTraning\AdvanceJava9.00PMIST\HibernateMaven\src\test\resources
